{"level":"info","message":"Posts carregados com sucesso!","service":"user-service"}
{"level":"info","message":"Posts carregados com sucesso!","service":"user-service"}
{"level":"info","message":"Posts carregados com sucesso!","service":"user-service"}
{"level":"info","message":"Posts carregados com sucesso!","service":"user-service"}
{"level":"info","message":"Posts carregados com sucesso!","service":"user-service"}
{"level":"info","message":"Posts carregados com sucesso!","service":"user-service"}
{"level":"info","message":"Posts carregados com sucesso!","service":"user-service"}
{"level":"info","message":"Posts carregados com sucesso!","service":"user-service"}
{"level":"info","message":"Posts carregados com sucesso!","service":"user-service"}
{"level":"info","message":"Posts carregados com sucesso!","service":"user-service"}
{"level":"info","message":"Posts carregados com sucesso!","service":"user-service"}
{"level":"info","message":"Posts carregados com sucesso!","service":"user-service"}
{"level":"info","message":"Posts carregados com sucesso!","service":"user-service"}
{"level":"info","message":"Posts carregados com sucesso!","service":"user-service"}
{"level":"info","message":"Posts carregados com sucesso!","service":"user-service"}
{"level":"info","message":"Posts carregados com sucesso!","service":"user-service"}
{"level":"info","message":"Posts carregados com sucesso!","service":"user-service"}
{"level":"info","message":"Posts carregados com sucesso!","service":"user-service"}
{"level":"info","message":"Posts carregados com sucesso!","service":"user-service"}
{"level":"info","message":"Posts carregados com sucesso!","service":"user-service"}
{"level":"info","message":"Posts carregados com sucesso!","service":"user-service"}
{"level":"info","message":"Posts carregados com sucesso!","service":"user-service"}
{"level":"info","message":"Posts carregados com sucesso!","service":"user-service"}
{"level":"info","message":"Posts carregados com sucesso!","service":"user-service"}
{"level":"info","message":"Posts carregados com sucesso!","service":"user-service"}
{"level":"info","message":"Posts carregados com sucesso!","service":"user-service"}
{"level":"info","message":"Posts carregados com sucesso!","service":"user-service"}
{"level":"info","message":"Posts carregados com sucesso!","service":"user-service"}
{"level":"info","message":"Posts carregados com sucesso!","service":"user-service"}
{"level":"info","message":"Posts carregados com sucesso!","service":"user-service"}
{"level":"info","message":"Posts carregados com sucesso!","service":"user-service"}
{"level":"info","message":"Posts carregados com sucesso!","service":"user-service"}
{"level":"info","message":"Posts carregados com sucesso!","service":"user-service"}
{"level":"info","message":"Posts carregados com sucesso!","service":"user-service"}
{"level":"info","message":"Posts carregados com sucesso!","service":"user-service"}
{"level":"info","message":"Posts carregados com sucesso!","service":"user-service"}
{"level":"info","message":"Posts carregados com sucesso!","service":"user-service"}
{"level":"info","message":"Posts carregados com sucesso!","service":"user-service"}
{"level":"info","message":"Posts carregados com sucesso!","service":"user-service"}
{"level":"info","message":"Posts carregados com sucesso!","service":"user-service"}
{"level":"info","message":"Posts carregados com sucesso!","service":"user-service"}
{"level":"info","message":"Posts carregados com sucesso!","service":"user-service"}
{"level":"info","message":"Posts carregados com sucesso!","service":"user-service"}
{"level":"info","message":"Posts carregados com sucesso!","service":"user-service"}
{"level":"info","message":"Posts carregados com sucesso!","service":"user-service"}
{"level":"info","message":"Posts carregados com sucesso!","service":"user-service"}
{"level":"info","message":"Posts carregados com sucesso!","service":"user-service"}
{"level":"info","message":"Posts carregados com sucesso!","service":"user-service"}
{"level":"info","message":"Posts carregados com sucesso!","service":"user-service"}
{"level":"info","message":"Posts carregados com sucesso!","service":"user-service"}
{"level":"info","message":"Posts carregados com sucesso!","service":"user-service"}
{"level":"info","message":"Posts carregados com sucesso!","service":"user-service"}
{"level":"info","message":"Posts carregados com sucesso!","service":"user-service"}
{"level":"info","message":"Posts carregados com sucesso!","service":"user-service"}
{"level":"info","message":"Posts carregados com sucesso!","service":"user-service"}
{"level":"info","message":"Posts carregados com sucesso!","service":"user-service"}
{"level":"info","message":"Posts carregados com sucesso!","service":"user-service"}
{"level":"info","message":"Posts carregados com sucesso!","service":"user-service"}
{"level":"info","message":"Posts carregados com sucesso!","service":"user-service"}
{"level":"info","message":"Posts carregados com sucesso!","service":"user-service"}
{"level":"info","message":"Posts carregados com sucesso!","service":"user-service"}
{"level":"info","message":"Posts carregados com sucesso!","service":"user-service"}
{"level":"info","message":"Posts carregados com sucesso!","service":"user-service"}
{"level":"info","message":"Posts carregados com sucesso!","service":"user-service"}
{"level":"info","message":"Posts carregados com sucesso!","service":"user-service"}
{"level":"info","message":"Posts carregados com sucesso!","service":"user-service"}
{"level":"info","message":"Posts carregados com sucesso!","service":"user-service"}
{"level":"info","message":"Posts carregados com sucesso!","service":"user-service"}
{"level":"info","message":"Posts carregados com sucesso!","service":"user-service"}
{"level":"info","message":"Posts carregados com sucesso!","service":"user-service"}
{"level":"info","message":"Posts carregados com sucesso!","service":"user-service"}
{"level":"info","message":"Posts carregados com sucesso!","service":"user-service"}
{"level":"info","message":"Posts carregados com sucesso!","service":"user-service"}
{"level":"info","message":"Posts carregados com sucesso!","service":"user-service"}
{"level":"info","message":"Posts carregados com sucesso!","service":"user-service"}
{"level":"info","message":"Posts carregados com sucesso!","service":"user-service"}
{"level":"info","message":"Posts carregados com sucesso!","service":"user-service"}
{"level":"info","message":"Posts carregados com sucesso!","service":"user-service"}
{"level":"info","message":"Posts carregados com sucesso!","service":"user-service"}
{"level":"info","message":"Posts carregados com sucesso!","service":"user-service"}
{"level":"info","message":"Posts carregados com sucesso!","service":"user-service"}
{"level":"info","message":"Posts carregados com sucesso!","service":"user-service"}
{"level":"info","message":"Posts carregados com sucesso!","service":"user-service"}
{"level":"info","message":"Posts carregados com sucesso!","service":"user-service"}
{"level":"info","message":"Posts carregados com sucesso!","service":"user-service"}
{"level":"info","message":"Posts carregados com sucesso!","service":"user-service"}
{"level":"info","message":"Posts carregados com sucesso!","service":"user-service"}
{"level":"info","message":"Posts carregados com sucesso!","service":"user-service"}
{"level":"info","message":"Posts carregados com sucesso!","service":"user-service"}
{"level":"info","message":"Posts carregados com sucesso!","service":"user-service"}
{"level":"info","message":"Posts carregados com sucesso!","service":"user-service"}
{"level":"info","message":"Posts carregados com sucesso!","service":"user-service"}
{"level":"info","message":"Posts carregados com sucesso!","service":"user-service"}
{"level":"info","message":"Posts carregados com sucesso!","service":"user-service"}
{"level":"info","message":"Posts carregados com sucesso!","service":"user-service"}
{"level":"info","message":"Posts carregados com sucesso!","service":"user-service"}
{"level":"info","message":"Posts carregados com sucesso!","service":"user-service"}
{"level":"info","message":"Posts carregados com sucesso!","service":"user-service"}
{"level":"info","message":"Posts carregados com sucesso!","service":"user-service"}
{"error":{"clientVersion":"7.5.0","code":"ECONNREFUSED","meta":{"modelName":"Post"},"name":"PrismaClientKnownRequestError"},"level":"error","message":"Falha ao obter posts","service":"user-service"}
{"error":{"clientVersion":"7.5.0","code":"ECONNREFUSED","meta":{"modelName":"Post"},"name":"PrismaClientKnownRequestError"},"level":"error","message":"Falha ao obter posts","service":"user-service"}
{"error":{"clientVersion":"7.5.0","code":"ECONNREFUSED","meta":{"modelName":"Post"},"name":"PrismaClientKnownRequestError"},"level":"error","message":"Falha ao obter posts","service":"user-service"}
{"error":{"clientVersion":"7.5.0","code":"ECONNREFUSED","meta":{"modelName":"Post"},"name":"PrismaClientKnownRequestError"},"level":"error","message":"Falha ao obter posts","service":"user-service"}
{"error":{"clientVersion":"7.5.0","code":"ECONNREFUSED","meta":{"modelName":"Post"},"name":"PrismaClientKnownRequestError"},"level":"error","message":"Falha ao obter posts","service":"user-service"}
{"error":{"clientVersion":"7.5.0","code":"ECONNREFUSED","meta":{"modelName":"Post"},"name":"PrismaClientKnownRequestError"},"level":"error","message":"Falha ao obter posts","service":"user-service"}
{"error":{},"level":"error","message":"Falha ao obter o post com o slug: ","service":"user-service","slug":"vuejs-para-iniciantesfg"}
{"error":{},"level":"error","message":"Falha ao obter o post com o slug: ","service":"user-service","slug":"vuejs-para-iniciantesfg"}
{"error":{},"level":"error","message":"Falha ao obter o post com o slug: ","service":"user-service","slug":"construindo-spa-com-vuejsdf"}
{"error":{},"level":"error","message":"Falha ao obter o post com o slug: ","service":"user-service","slug":"construindo-spa-com-vuejsdf"}
{"error":{},"level":"error","message":"Falha ao obter o post com o slug: ","service":"user-service","slug":"construindo-spa-com-vuejsdf"}
{"error":{},"level":"error","message":"Falha ao obter o post com o slug: ","service":"user-service","slug":"construindo-spa-com-vuejsdf"}
{"error":{},"level":"error","message":"Falha ao obter o post com o slug: ","service":"user-service","slug":"construindo-spa-com-vuejsdf"}
{"error":{},"level":"error","message":"Falha ao obter o post com o slug: ","service":"user-service","slug":"construindo-spa-com-vuejsdf"}
{"error":{},"level":"error","message":"Falha ao obter o post com o slug: ","service":"user-service","slug":"construindo-spa-com-vuejsdf"}
{"error":{},"level":"error","message":"Falha ao obter o post com o slug: ","service":"user-service","slug":"construindo-spa-com-vuejsfg"}
{"error":{},"level":"error","message":"Falha ao obter o post com o slug: ","service":"user-service","slug":"construindo-spa-com-vuejsdf"}
